<?xml version="1.0" encoding="UTF-8"?>
<!-- Generated by org.testng.reporters.JUnitReportReporter -->
<testsuite hostname="QT-INBG-LT0916" failures="0" tests="1" name="IframeExmp" time="0.013" errors="0" timestamp="2023-03-02T14:55:27 IST" skipped="0">
  <testcase classname="IframeExmp" name="Demo" time="0.013"/>
  <system-out/>
</testsuite> <!-- IframeExmp -->
