<?xml version="1.0" encoding="UTF-8"?>
<!-- Generated by org.testng.reporters.JUnitReportReporter -->
<testsuite hostname="QT-INBG-LT0916" failures="0" tests="5" name="StreamJava.BasicStream" time="0.036" errors="0" timestamp="2023-01-11T21:42:25 IST" skipped="0">
  <testcase classname="StreamJava.BasicStream" name="streamFilter" time="0.007"/>
  <system-out/>
  <testcase classname="StreamJava.BasicStream" name="streamMap" time="0.004"/>
  <system-out/>
  <testcase classname="StreamJava.BasicStream" name="regular" time="0.017"/>
  <system-out/>
  <testcase classname="StreamJava.BasicStream" name="streamCollect" time="0.006"/>
  <system-out/>
  <testcase classname="StreamJava.BasicStream" name="streamfncn" time="0.002"/>
  <system-out/>
</testsuite> <!-- StreamJava.BasicStream -->
