<?xml version="1.0" encoding="UTF-8"?>
<!-- Generated by org.testng.reporters.JUnitReportReporter -->
<testsuite hostname="QT-INBG-LT0916" failures="0" tests="1" name="StreamJava.FindUniqueNos" time="0.012" errors="0" timestamp="2023-01-11T21:20:36 IST" skipped="0">
  <testcase classname="StreamJava.FindUniqueNos" name="uniqueNo" time="0.012"/>
  <system-out/>
</testsuite> <!-- StreamJava.FindUniqueNos -->
