<?xml version="1.0" encoding="UTF-8"?>
<!-- Generated by org.testng.reporters.JUnitReportReporter -->
<testsuite hostname="QT-INBG-LT0916" failures="0" tests="2" name="TamishraAutomation.SubmitOrderTest" time="0.000" errors="1" timestamp="2023-02-20T08:52:34 IST" skipped="1">
  <testcase classname="TamishraAutomation.SubmitOrderTest" name="submitOrder" time="0.000">
    <error message="java.io.IOException: File &#039;C:\Users\tamishra.senapati\eclipse-workspace\SeleniumFrameworkDesign\src\test\java\TamishraAutomation\Data&#039; exists but is a directory" type="java.lang.RuntimeException">
      <![CDATA[java.lang.RuntimeException: java.io.IOException: File 'C:\Users\tamishra.senapati\eclipse-workspace\SeleniumFrameworkDesign\src\test\java\TamishraAutomation\Data' exists but is a directory
at org.testng.internal.invokers.MethodInvocationHelper.invokeMethodNoCheckedException(MethodInvocationHelper.java:57)
at org.testng.internal.invokers.MethodInvocationHelper.invokeDataProvider(MethodInvocationHelper.java:157)
at org.testng.internal.Parameters.handleParameters(Parameters.java:803)
at org.testng.internal.Parameters.handleParameters(Parameters.java:728)
at org.testng.internal.invokers.ParameterHandler.handleParameters(ParameterHandler.java:72)
at org.testng.internal.invokers.ParameterHandler.createParameters(ParameterHandler.java:51)
at org.testng.internal.invokers.TestInvoker$MethodInvocationAgent.invoke(TestInvoker.java:924)
at org.testng.internal.invokers.TestInvoker.invokeTestMethods(TestInvoker.java:194)
at org.testng.internal.invokers.TestMethodWorker.invokeTestMethods(TestMethodWorker.java:148)
at org.testng.internal.invokers.TestMethodWorker.run(TestMethodWorker.java:128)
at java.base/java.util.concurrent.ThreadPoolExecutor.runWorker(ThreadPoolExecutor.java:1136)
at java.base/java.util.concurrent.ThreadPoolExecutor$Worker.run(ThreadPoolExecutor.java:635)
at java.base/java.lang.Thread.run(Thread.java:833)
Caused by: java.io.IOException: File 'C:\Users\tamishra.senapati\eclipse-workspace\SeleniumFrameworkDesign\src\test\java\TamishraAutomation\Data' exists but is a directory
at org.apache.commons.io.FileUtils.openInputStream(FileUtils.java:291)
at org.apache.commons.io.FileUtils.readFileToString(FileUtils.java:1805)
at TamishraAutomation.TestComponents.BaseTest.getJsonDataToMap(BaseTest.java:56)
at TamishraAutomation.SubmitOrderTest.getData(SubmitOrderTest.java:72)
at java.base/jdk.internal.reflect.NativeMethodAccessorImpl.invoke0(Native Method)
at java.base/jdk.internal.reflect.NativeMethodAccessorImpl.invoke(NativeMethodAccessorImpl.java:77)
at java.base/jdk.internal.reflect.DelegatingMethodAccessorImpl.invoke(DelegatingMethodAccessorImpl.java:43)
at java.base/java.lang.reflect.Method.invoke(Method.java:568)
at org.testng.internal.invokers.MethodInvocationHelper.invokeMethod(MethodInvocationHelper.java:139)
at org.testng.internal.invokers.MethodInvocationHelper.invokeMethod(MethodInvocationHelper.java:84)
at org.testng.internal.invokers.MethodInvocationHelper.invokeMethodNoCheckedException(MethodInvocationHelper.java:53)
... 12 more
]]>
    </error>
  </testcase> <!-- submitOrder -->
  <system-out/>
  <testcase classname="TamishraAutomation.SubmitOrderTest" name="orderHistoryTest" time="0.000">
    <skipped/>
  </testcase> <!-- orderHistoryTest -->
  <system-out/>
</testsuite> <!-- TamishraAutomation.SubmitOrderTest -->
