<?xml version="1.0" encoding="UTF-8"?>
<!-- Generated by org.testng.reporters.JUnitReportReporter -->
<testsuite hostname="QT-INBG-LT0916" failures="0" tests="1" name="TamishraAutomation.StandAloneTest" time="12.878" errors="0" timestamp="2023-01-20T16:04:49 IST" skipped="0">
  <testcase classname="TamishraAutomation.StandAloneTest" name="submitOrder" time="12.878"/>
  <system-out/>
</testsuite> <!-- TamishraAutomation.StandAloneTest -->
