<?xml version="1.0" encoding="UTF-8"?>
<!-- Generated by org.testng.reporters.JUnitReportReporter -->
<testsuite hostname="QT-INBG-LT0916" failures="0" tests="1" name="Default.Basics1" time="0.002" errors="0" timestamp="2023-02-20T08:49:14 IST" skipped="0">
  <testcase classname="Default.Basics1" name="c3" time="0.002"/>
  <system-out/>
</testsuite> <!-- Default.Basics1 -->
