<?xml version="1.0" encoding="UTF-8"?>
<!-- Generated by org.testng.reporters.JUnitReportReporter -->
<testsuite hostname="QT-INBG-LT0916" failures="0" tests="3" name="Default.Basic3" time="0.005" errors="0" timestamp="2023-02-20T08:49:24 IST" skipped="0">
  <testcase classname="Default.Basic3" name="APIauto" time="0.001"/>
  <system-out/>
  <testcase classname="Default.Basic3" name="webAutoHomeLoan" time="0.002"/>
  <system-out/>
  <testcase classname="Default.Basic3" name="mobileAutoHomeLoan" time="0.002"/>
  <system-out/>
</testsuite> <!-- Default.Basic3 -->
